-------------------------------------------------------------------------------
Test set: io.alenia.kata.BankingKata.BankingKataApplicationTests
-------------------------------------------------------------------------------
Tests run: 1, Failures: 0, Errors: 1, Skipped: 0, Time elapsed: 0.002 s <<< FAILURE! - in io.alenia.kata.BankingKata.BankingKataApplicationTests
initializationError(io.alenia.kata.BankingKata.BankingKataApplicationTests)  Time elapsed: 0.001 s  <<< ERROR!
java.lang.Exception: No runnable methods

